2025-02-24T19:16:39	HTTP API on port 8001
2025-02-24T19:18:28	HTTP API on port 8001
2025-02-24T19:19:13	API on port 8001
2025-02-24T19:23:15	HTTP API on port 8001
2025-02-24T19:23:32	HTTP API on port 8001
2025-02-24T19:24:09	HTTP API on port 8001
2025-02-24T19:24:12	entity [AsyncFunction (anonymous)]
2025-02-24T19:24:32	HTTP API on port 8001
2025-02-24T19:24:35	handler undefined
2025-02-24T19:25:13	HTTP API on port 8001
2025-02-24T19:25:16	[ 'api', 'user', 'read' ]
2025-02-24T19:25:44	HTTP API on port 8001
2025-02-24T19:25:47	[; 'api',; 'user',; 'read',; {; city: [AsyncFunction (anonymous)],; country: [AsyncFunction (anonymous)],; user: [AsyncFunction (anonymous)]; }; ]
2025-02-24T19:26:25	HTTP API on port 8001
2025-02-24T19:26:28	[; 'api',; 'user',; 'read',; {; city: [AsyncFunction (anonymous)],; country: [AsyncFunction (anonymous)],; user: [AsyncFunction (anonymous)]; }; ]
2025-02-24T19:27:32	HTTP API on port 8001
2025-02-24T19:27:35	[; 'api',; 'user',; 'read',; {; city: [AsyncFunction (anonymous)],; country: [AsyncFunction (anonymous)],; user: [AsyncFunction (anonymous)]; }; ]
2025-02-24T19:27:46	HTTP API on port 8001
2025-02-24T19:27:51	[; 'api',; 'user',; 'read',; {; city: [AsyncFunction (anonymous)],; country: [AsyncFunction (anonymous)],; user: [AsyncFunction (anonymous)]; }; ]
2025-02-24T19:28:21	HTTP API on port 8001
2025-02-24T19:28:24	[; 'api',; 'user',; 'read',; {; city: [AsyncFunction (anonymous)],; country: [AsyncFunction (anonymous)],; user: [AsyncFunction (anonymous)]; }; ]
